<?xml version="1.0" encoding="utf-8"?><testsuites name="pytest tests"><testsuite name="pytest" errors="0" failures="0" skipped="0" tests="13" time="5.577" timestamp="2026-05-25T12:42:15.738050+00:00" hostname="agent-env-898b3ba6-8731-414f-97ff-2f5d381d0adf"><testcase classname="backend.tests.test_setup_pairing" name="test_setup_pair_for_accounts_a_b" time="0.700" /><testcase classname="backend.tests.test_core_flows" name="test_health" time="0.109" /><testcase classname="backend.tests.test_core_flows" name="test_auth_login_paired_account_a" time="0.276" /><testcase classname="backend.tests.test_core_flows" name="test_auth_login_paired_account_b" time="0.281" /><testcase classname="backend.tests.test_core_flows" name="test_pair_invite_status" time="0.322" /><testcase classname="backend.tests.test_core_flows" name="test_dashboard_payload" time="0.331" /><testcase classname="backend.tests.test_core_flows" name="test_messages_get" time="0.329" /><testcase classname="backend.tests.test_core_flows" name="test_messages_post" time="0.418" /><testcase classname="backend.tests.test_core_flows" name="test_bently_endpoint" time="1.096" /><testcase classname="backend.tests.test_core_flows" name="test_journal_create_and_get" time="0.370" /><testcase classname="backend.tests.test_core_flows" name="test_missions_get_and_complete" time="0.418" /><testcase classname="backend.tests.test_core_flows" name="test_calendar_get_and_create" time="0.423" /><testcase classname="backend.tests.test_core_flows" name="test_settings_get_and_save" time="0.419" /></testsuite></testsuites>