<?xml version="1.0" encoding="utf-8"?><testsuites name="pytest tests"><testsuite name="pytest" errors="0" failures="0" skipped="13" tests="17" time="1.497" timestamp="2026-05-25T12:40:36.354226+00:00" hostname="agent-env-898b3ba6-8731-414f-97ff-2f5d381d0adf"><testcase classname="backend.tests.test_core_flows" name="test_health" time="0.000"><skipped type="pytest.skip" message="REACT_APP_BACKEND_URL is not set">/app/backend/tests/test_core_flows.py:71: REACT_APP_BACKEND_URL is not set</skipped></testcase><testcase classname="backend.tests.test_core_flows" name="test_auth_login_paired_account_a" time="0.000"><skipped type="pytest.skip" message="REACT_APP_BACKEND_URL is not set">/app/backend/tests/test_core_flows.py:77: REACT_APP_BACKEND_URL is not set</skipped></testcase><testcase classname="backend.tests.test_core_flows" name="test_auth_login_paired_account_b" time="0.000"><skipped type="pytest.skip" message="REACT_APP_BACKEND_URL is not set">/app/backend/tests/test_core_flows.py:82: REACT_APP_BACKEND_URL is not set</skipped></testcase><testcase classname="backend.tests.test_core_flows" name="test_pair_invite_status" time="0.000"><skipped type="pytest.skip" message="REACT_APP_BACKEND_URL is not set">/app/backend/tests/test_core_flows.py:93: REACT_APP_BACKEND_URL is not set</skipped></testcase><testcase classname="backend.tests.test_core_flows" name="test_dashboard_payload" time="0.000"><skipped type="pytest.skip" message="REACT_APP_BACKEND_URL is not set">/app/backend/tests/test_core_flows.py:101: REACT_APP_BACKEND_URL is not set</skipped></testcase><testcase classname="backend.tests.test_core_flows" name="test_messages_get" time="0.000"><skipped type="pytest.skip" message="REACT_APP_BACKEND_URL is not set">/app/backend/tests/test_core_flows.py:111: REACT_APP_BACKEND_URL is not set</skipped></testcase><testcase classname="backend.tests.test_core_flows" name="test_messages_post" time="0.000"><skipped type="pytest.skip" message="REACT_APP_BACKEND_URL is not set">/app/backend/tests/test_core_flows.py:119: REACT_APP_BACKEND_URL is not set</skipped></testcase><testcase classname="backend.tests.test_core_flows" name="test_bently_endpoint" time="0.000"><skipped type="pytest.skip" message="REACT_APP_BACKEND_URL is not set">/app/backend/tests/test_core_flows.py:143: REACT_APP_BACKEND_URL is not set</skipped></testcase><testcase classname="backend.tests.test_core_flows" name="test_journal_create_and_get" time="0.000"><skipped type="pytest.skip" message="REACT_APP_BACKEND_URL is not set">/app/backend/tests/test_core_flows.py:158: REACT_APP_BACKEND_URL is not set</skipped></testcase><testcase classname="backend.tests.test_core_flows" name="test_missions_get_and_complete" time="0.000"><skipped type="pytest.skip" message="REACT_APP_BACKEND_URL is not set">/app/backend/tests/test_core_flows.py:176: REACT_APP_BACKEND_URL is not set</skipped></testcase><testcase classname="backend.tests.test_core_flows" name="test_calendar_get_and_create" time="0.000"><skipped type="pytest.skip" message="REACT_APP_BACKEND_URL is not set">/app/backend/tests/test_core_flows.py:199: REACT_APP_BACKEND_URL is not set</skipped></testcase><testcase classname="backend.tests.test_core_flows" name="test_settings_get_and_save" time="0.000"><skipped type="pytest.skip" message="REACT_APP_BACKEND_URL is not set">/app/backend/tests/test_core_flows.py:234: REACT_APP_BACKEND_URL is not set</skipped></testcase><testcase classname="backend.tests.test_notifications_vault_media" name="test_notifications_summary_unread_increments_for_receiver" time="0.877" /><testcase classname="backend.tests.test_notifications_vault_media" name="test_opening_messages_marks_unread_as_read" time="0.158" /><testcase classname="backend.tests.test_notifications_vault_media" name="test_vault_upload_stores_media_and_returns_relative_media_url" time="0.268" /><testcase classname="backend.tests.test_notifications_vault_media" name="test_vault_media_url_is_fetchable_and_entry_persists" time="0.100" /><testcase classname="backend.tests.test_setup_pairing" name="test_setup_pair_for_accounts_a_b" time="0.001"><skipped type="pytest.skip" message="REACT_APP_BACKEND_URL is not set">/app/backend/tests/test_setup_pairing.py:27: REACT_APP_BACKEND_URL is not set</skipped></testcase></testsuite></testsuites>