<?xml version="1.0" encoding="utf-8"?><testsuites name="pytest tests"><testsuite name="pytest" errors="0" failures="0" skipped="0" tests="12" time="3.699" timestamp="2026-05-24T22:39:46.035090+00:00" hostname="agent-env-898b3ba6-8731-414f-97ff-2f5d381d0adf"><testcase classname="backend.tests.test_core_flows" name="test_health" time="0.008" /><testcase classname="backend.tests.test_core_flows" name="test_auth_login_paired_account_a" time="0.247" /><testcase classname="backend.tests.test_core_flows" name="test_auth_login_paired_account_b" time="0.228" /><testcase classname="backend.tests.test_core_flows" name="test_pair_invite_status" time="0.230" /><testcase classname="backend.tests.test_core_flows" name="test_dashboard_payload" time="0.232" /><testcase classname="backend.tests.test_core_flows" name="test_messages_get" time="0.236" /><testcase classname="backend.tests.test_core_flows" name="test_messages_post" time="0.236" /><testcase classname="backend.tests.test_core_flows" name="test_bently_endpoint" time="1.253" /><testcase classname="backend.tests.test_core_flows" name="test_journal_create_and_get" time="0.232" /><testcase classname="backend.tests.test_core_flows" name="test_missions_get_and_complete" time="0.240" /><testcase classname="backend.tests.test_core_flows" name="test_calendar_get_and_create" time="0.238" /><testcase classname="backend.tests.test_core_flows" name="test_settings_get_and_save" time="0.237" /></testsuite></testsuites>